yarn run v1.22.19
$ PORT=4004 serve -s -n build

Done in 145975.23s.
yarn run v1.22.19
$ PORT=4004 serve -s -n build
yarn run v1.22.19
$ PORT=4004 serve -s -n build
yarn run v1.22.19
$ PORT=4004 serve -s -n build
UPDATE AVAILABLE The latest version of `serve` is 14.2.0
INFO: Accepting connections at http://localhost:4004
yarn run v1.22.19
$ yarn createSnapshots && ./load-env.sh react-app-rewired start
$ node scripts/createSnapshots.js
Error while creating snapshots
Starting the development server...

Files successfully emitted, waiting for typecheck results...
Compiled successfully!

You can now view alm in the browser.

  http://localhost:8090/

Note that the development build is not optimized.
To create a production build, use npm run build.

Compiling...
Compiled successfully!
info Visit https://yarnpkg.com/en/docs/cli/run for documentation about this command.

INFO: Gracefully shutting down. Please wait...
Done in 3879461.93s.
